[2025-10-05 21:33:53] [INFO] Request: PUT /api/admin/user/1 {
    "body": {
        "name": "Cristian G",
        "email": "test@example.com",
        "role": "admin"
    }
}
[2025-10-05 21:33:53] [INFO] Response: 200 OK {
    "body": {
        "id": 1,
        "name": "Cristian G",
        "email": "test@example.com",
        "role": "admin"
    }
}
[2025-10-05 21:33:58] [INFO] Request: DELETE /api/admin/user/1 
[2025-10-05 21:33:58] [INFO] Response: 200 OK {
    "body": {
        "success": true,
        "message": "User deleted successfully."
    }
}
[2025-10-05 21:50:01] [INFO] Request: POST /api/auth/register {
    "body": {
        "email": "joelkukin@gmail.com",
        "name": "joel",
        "password": "1234",
        "confirm-password": "1234"
    }
}
[2025-10-05 21:50:01] [INFO] Response: 201 Created {
    "body": {
        "message": "Usuario registrado con \u00e9xito."
    }
}
[2025-10-05 21:50:13] [INFO] Request: POST /api/auth/login {
    "body": {
        "email": "joelkukin@gmail.com",
        "password": "1234"
    }
}
[2025-10-05 21:50:13] [INFO] Response: 200 OK {
    "body": {
        "message": "Login successful.",
        "user": {
            "id": 3,
            "name": "joel",
            "role": "jugador"
        }
    }
}
[2025-10-05 21:52:15] [INFO] Request: PUT /api/admin/user/3 {
    "body": {
        "name": "joel 2",
        "email": "joelkukin@gmail.com",
        "role": "jugador"
    }
}
[2025-10-05 21:52:16] [INFO] Response: 200 OK {
    "body": {
        "id": 3,
        "name": "joel 2",
        "email": "joelkukin@gmail.com",
        "role": "jugador"
    }
}
[2025-10-05 23:34:48] [INFO] Request: POST /api/auth/register {
    "body": {
        "email": "joelkukin@gmail.com",
        "name": "joel",
        "password": "1234",
        "confirm-password": "1234"
    }
}
[2025-10-05 23:34:48] [ERROR] Response: 409 Conflict {
    "body": {
        "message": "El usuario con este correo electr\u00f3nico ya existe."
    }
}
[2025-10-05 23:34:58] [INFO] Request: POST /api/auth/login {
    "body": {
        "email": "joelkukin@gmail.com",
        "password": "1234"
    }
}
[2025-10-05 23:34:58] [INFO] Response: 200 OK {
    "body": null
}
[2025-10-05 23:35:22] [INFO] Request: POST /api/auth/login {
    "body": {
        "email": "joelkukin@gmail.com",
        "password": "1234"
    }
}
[2025-10-05 23:35:22] [INFO] Response: 200 OK {
    "body": null
}
[2025-10-05 23:37:43] [INFO] Request: POST /api/auth/login {
    "body": {
        "email": "joelkukin@gmail.com",
        "password": "1234"
    }
}
[2025-10-05 23:37:43] [INFO] Response: 200 OK {
    "body": null
}
[2025-10-05 23:40:37] [INFO] Request: POST /api/auth/login {
    "body": {
        "email": "joelkukin@gmail.com",
        "password": "1234"
    }
}
[2025-10-05 23:40:37] [INFO] Response: 200 OK {
    "body": null
}
[2025-10-05 23:42:04] [INFO] Request: POST /api/auth/login {
    "body": {
        "email": "joelkukin@gmail.com",
        "password": "1234"
    }
}
[2025-10-05 23:42:05] [INFO] Response: 200 OK {
    "body": null
}
[2025-10-05 23:42:27] [INFO] Request: POST /api/auth/login {
    "body": {
        "email": "joelkukin@gmail.com",
        "password": "1234"
    }
}
[2025-10-05 23:42:28] [INFO] Response: 200 OK {
    "body": null
}
[2025-10-05 23:42:46] [INFO] Request: POST /api/auth/login {
    "body": {
        "email": "joelkukin@gmail.com",
        "password": "1234"
    }
}
[2025-10-05 23:43:17] [INFO] Request: POST /api/auth/login {
    "body": {
        "email": "joelkukin@gmail.com",
        "password": "1234"
    }
}
[2025-10-05 23:43:57] [INFO] Request: POST /api/auth/login {
    "body": {
        "email": "joelkukin@gmail.com",
        "password": "1234"
    }
}
[2025-10-05 23:50:30] [INFO] Request: POST /api/auth/logout 
[2025-10-05 23:50:30] [INFO] Response: 200 OK {
    "body": {
        "message": "Logout successful."
    }
}
[2025-10-14 00:25:43] [INFO] Request: POST /api/auth/login {
    "body": {
        "email": "alejandrocoppoler@gmail.com",
        "password": "123"
    }
}
[2025-10-14 00:25:49] [INFO] Request: POST /api/auth/login {
    "body": {
        "email": "alejandrocoppoler@gmail.com",
        "password": "1234"
    }
}
[2025-10-14 00:25:49] [ERROR] Response: 401 Unauthorized {
    "body": {
        "message": "Credenciales inv\u00e1lidas."
    },
    "email": "alejandrocoppoler@gmail.com"
}
[2025-10-14 00:25:52] [INFO] Request: POST /api/auth/login {
    "body": {
        "email": "alejandrocoppoler@gmail.com",
        "password": "123"
    }
}
[2025-10-14 00:26:25] [INFO] Request: POST /api/auth/login {
    "body": {
        "email": "alejandrocoppoler@gmail.com",
        "password": "123"
    }
}
[2025-10-14 00:27:56] [INFO] Request: POST /api/auth/login {
    "body": {
        "email": "alejandrocoppoler@gmail.com",
        "password": "123"
    }
}
[2025-10-14 00:29:38] [INFO] Request: POST /api/auth/login {
    "body": {
        "email": "alejandrocoppoler@gmail.com",
        "password": "123"
    }
}
[2025-10-14 00:31:39] [INFO] Request: POST /api/auth/login {
    "body": {
        "email": "alejandrocoppoler@gmail.com",
        "password": "123"
    }
}
